Arguments: 
  C:\Program Files\nodejs\node.exe C:\Users\Raul\AppData\Roaming\npm\node_modules\yarn\bin\yarn.js add express

PATH: 
  C:\Program Files\Git\mingw64\bin;C:\Program Files\Git\usr\bin;C:\Users\Raul\bin;C:\Windows\system32;C:\Windows;C:\Windows\System32\Wbem;C:\Windows\System32\WindowsPowerShell\v1.0;C:\Windows\System32\OpenSSH;C:\Program Files\Git\cmd;%NVM_HOME%;%NVM_SYMLINK%;C:\Program Files\Docker\Docker\resources\bin;C:\ProgramData\DockerDesktop\version-bin;C:\Users\Raul\AppData\Local\Programs\Python\Python39\Scripts;C:\Users\Raul\AppData\Local\Programs\Python\Python39;C:\Users\Raul\AppData\Local\Microsoft\WindowsApps;C:\Users\Raul\AppData\Local\Programs\Microsoft VS Code\bin;C:\Users\Raul\AppData\Roaming\npm;C:\Users\Raul\AppData\Roaming\nvm;C:\Program Files\nodejs

Yarn version: 
  1.22.10

Node version: 
  12.15.0

Platform: 
  win32 x64

Trace: 
  Error: connect ETIMEDOUT 200.155.91.59:8443
      at TCPConnectWrap.afterConnect [as oncomplete] (net.js:1134:16)

npm manifest: 
  {
    "name": "typescript",
    "version": "1.0.0",
    "main": "index.js",
    "license": "MIT"
  }

yarn manifest: 
  No manifest

Lockfile: 
  No lockfile
